<?xml version="1.0" encoding="UTF-8"?><testrun duration="392659" footerText="Generated by IntelliJ IDEA on 14/08/25, 10:40â€¯pm" name="D:/ADVANCED_JAVA/Personal_Project/LoginAutomation/testng.xml">
    <count name="total" value="63"/>
    <count name="error" value="3"/>
    <count name="failed" value="3"/>
    <count name="ignored" value="12"/>
    <count name="passed" value="45"/>
    <config nameIsGenerated="true" configId="TestNG" name="D:/ADVANCED_JAVA/Personal_Project/LoginAutomation/testng.xml">
        <module name="LoginAutomation"/>
        <option name="SUITE_NAME" value="D:/ADVANCED_JAVA/Personal_Project/LoginAutomation/testng.xml"/>
        <option name="TEST_OBJECT" value="SUITE"/>
        <properties/>
        <listeners/>
        <method v="2">
            <option name="Make" enabled="true"/>
        </method>
    </config>
    <root name="JanitriLoginTests" location="file://D:\ADVANCED_JAVA\Personal_Project\LoginAutomation\testng.xml">
        <output type="stdout">"C:\Program Files\Java\jdk-23\bin\java.exe" -javaagent:C:\Users\Vaibhav\AppData\Local\JetBrains\IdeaIC2025.1\captureAgent\debugger-agent.jar=file:///C:/Users/Vaibhav/AppData/Local/Temp/capture11383136622353004946.props -ea -Didea.test.cyclic.buffer.size=1048576 "-javaagent:C:\Users\Vaibhav\AppData\Local\Programs\IntelliJ IDEA Community Edition\lib\idea_rt.jar=58452" -Dkotlinx.coroutines.debug.enable.creation.stack.trace=false -Ddebugger.agent.enable.coroutines=true -Dkotlinx.coroutines.debug.enable.flows.stack.trace=true -Dkotlinx.coroutines.debug.enable.mutable.state.flows.stack.trace=true -Dfile.encoding=UTF-8 -Dsun.stdout.encoding=UTF-8 -Dsun.stderr.encoding=UTF-8 -classpath "C:\Users\Vaibhav\AppData\Local\Programs\IntelliJ IDEA Community Edition\lib\idea_rt.jar;C:\Users\Vaibhav\AppData\Local\Programs\IntelliJ IDEA Community Edition\plugins\testng\lib\testng-rt.jar;D:\ADVANCED_JAVA\Personal_Project\LoginAutomation\target\test-classes;D:\ADVANCED_JAVA\Personal_Project\LoginAutomation\target\classes;C:\Users\Vaibhav\.m2\repository\org\testng\testng\7.10.2\testng-7.10.2.jar;C:\Users\Vaibhav\.m2\repository\org\slf4j\slf4j-api\1.7.36\slf4j-api-1.7.36.jar;C:\Users\Vaibhav\.m2\repository\com\beust\jcommander\1.82\jcommander-1.82.jar;C:\Users\Vaibhav\.m2\repository\org\webjars\jquery\3.7.1\jquery-3.7.1.jar;C:\Users\Vaibhav\.m2\repository\org\seleniumhq\selenium\selenium-java\4.13.0\selenium-java-4.13.0.jar;C:\Users\Vaibhav\.m2\repository\org\seleniumhq\selenium\selenium-api\4.13.0\selenium-api-4.13.0.jar;C:\Users\Vaibhav\.m2\repository\org\seleniumhq\selenium\selenium-chrome-driver\4.13.0\selenium-chrome-driver-4.13.0.jar;C:\Users\Vaibhav\.m2\repository\com\google\auto\service\auto-service-annotations\1.1.1\auto-service-annotations-1.1.1.jar;C:\Users\Vaibhav\.m2\repository\com\google\guava\guava\32.1.2-jre\guava-32.1.2-jre.jar;C:\Users\Vaibhav\.m2\repository\com\google\guava\failureaccess\1.0.1\failureaccess-1.0.1.jar;C:\Users\Vaibhav\.m2\repository\com\google\guava\listenablefuture\9999.0-empty-to-avoid-conflict-with-guava\listenablefuture-9999.0-empty-to-avoid-conflict-with-guava.jar;C:\Users\Vaibhav\.m2\repository\com\google\code\findbugs\jsr305\3.0.2\jsr305-3.0.2.jar;C:\Users\Vaibhav\.m2\repository\org\checkerframework\checker-qual\3.33.0\checker-qual-3.33.0.jar;C:\Users\Vaibhav\.m2\repository\com\google\errorprone\error_prone_annotations\2.18.0\error_prone_annotations-2.18.0.jar;C:\Users\Vaibhav\.m2\repository\com\google\j2objc\j2objc-annotations\2.8\j2objc-annotations-2.8.jar;C:\Users\Vaibhav\.m2\repository\org\seleniumhq\selenium\selenium-chromium-driver\4.13.0\selenium-chromium-driver-4.13.0.jar;C:\Users\Vaibhav\.m2\repository\org\seleniumhq\selenium\selenium-json\4.13.0\selenium-json-4.13.0.jar;C:\Users\Vaibhav\.m2\repository\org\seleniumhq\selenium\selenium-manager\4.13.0\selenium-manager-4.13.0.jar;C:\Users\Vaibhav\.m2\repository\org\seleniumhq\selenium\selenium-devtools-v115\4.13.0\selenium-devtools-v115-4.13.0.jar;C:\Users\Vaibhav\.m2\repository\org\seleniumhq\selenium\selenium-devtools-v116\4.13.0\selenium-devtools-v116-4.13.0.jar;C:\Users\Vaibhav\.m2\repository\org\seleniumhq\selenium\selenium-devtools-v117\4.13.0\selenium-devtools-v117-4.13.0.jar;C:\Users\Vaibhav\.m2\repository\org\seleniumhq\selenium\selenium-devtools-v85\4.13.0\selenium-devtools-v85-4.13.0.jar;C:\Users\Vaibhav\.m2\repository\org\seleniumhq\selenium\selenium-edge-driver\4.13.0\selenium-edge-driver-4.13.0.jar;C:\Users\Vaibhav\.m2\repository\org\seleniumhq\selenium\selenium-firefox-driver\4.13.0\selenium-firefox-driver-4.13.0.jar;C:\Users\Vaibhav\.m2\repository\org\seleniumhq\selenium\selenium-http\4.13.0\selenium-http-4.13.0.jar;C:\Users\Vaibhav\.m2\repository\dev\failsafe\failsafe\3.3.2\failsafe-3.3.2.jar;C:\Users\Vaibhav\.m2\repository\org\seleniumhq\selenium\selenium-ie-driver\4.13.0\selenium-ie-driver-4.13.0.jar;C:\Users\Vaibhav\.m2\repository\org\seleniumhq\selenium\selenium-remote-driver\4.13.0\selenium-remote-driver-4.13.0.jar;C:\Users\Vaibhav\.m2\repository\io\netty\netty-buffer\4.1.96.Final\netty-buffer-4.1.96.Final.jar;C:\Users\Vaibhav\.m2\repository\io\netty\netty-codec-http\4.1.96.Final\netty-codec-http-4.1.96.Final.jar;C:\Users\Vaibhav\.m2\repository\io\netty\netty-codec\4.1.96.Final\netty-codec-4.1.96.Final.jar;C:\Users\Vaibhav\.m2\repository\io\netty\netty-handler\4.1.96.Final\netty-handler-4.1.96.Final.jar;C:\Users\Vaibhav\.m2\repository\io\netty\netty-transport-classes-epoll\4.1.96.Final\netty-transport-classes-epoll-4.1.96.Final.jar;C:\Users\Vaibhav\.m2\repository\io\netty\netty-transport-classes-kqueue\4.1.96.Final\netty-transport-classes-kqueue-4.1.96.Final.jar;C:\Users\Vaibhav\.m2\repository\io\netty\netty-transport-native-epoll\4.1.96.Final\netty-transport-native-epoll-4.1.96.Final.jar;C:\Users\Vaibhav\.m2\repository\io\netty\netty-transport-native-kqueue\4.1.96.Final\netty-transport-native-kqueue-4.1.96.Final.jar;C:\Users\Vaibhav\.m2\repository\io\netty\netty-transport-native-unix-common\4.1.96.Final\netty-transport-native-unix-common-4.1.96.Final.jar;C:\Users\Vaibhav\.m2\repository\io\netty\netty-transport\4.1.96.Final\netty-transport-4.1.96.Final.jar;C:\Users\Vaibhav\.m2\repository\io\netty\netty-resolver\4.1.96.Final\netty-resolver-4.1.96.Final.jar;C:\Users\Vaibhav\.m2\repository\io\opentelemetry\opentelemetry-api\1.28.0\opentelemetry-api-1.28.0.jar;C:\Users\Vaibhav\.m2\repository\io\opentelemetry\opentelemetry-context\1.28.0\opentelemetry-context-1.28.0.jar;C:\Users\Vaibhav\.m2\repository\io\opentelemetry\opentelemetry-exporter-logging\1.28.0\opentelemetry-exporter-logging-1.28.0.jar;C:\Users\Vaibhav\.m2\repository\io\opentelemetry\opentelemetry-sdk-metrics\1.28.0\opentelemetry-sdk-metrics-1.28.0.jar;C:\Users\Vaibhav\.m2\repository\io\opentelemetry\opentelemetry-extension-incubator\1.28.0-alpha\opentelemetry-extension-incubator-1.28.0-alpha.jar;C:\Users\Vaibhav\.m2\repository\io\opentelemetry\opentelemetry-sdk-logs\1.28.0\opentelemetry-sdk-logs-1.28.0.jar;C:\Users\Vaibhav\.m2\repository\io\opentelemetry\opentelemetry-sdk-common\1.28.0\opentelemetry-sdk-common-1.28.0.jar;C:\Users\Vaibhav\.m2\repository\io\opentelemetry\opentelemetry-sdk-extension-autoconfigure-spi\1.28.0\opentelemetry-sdk-extension-autoconfigure-spi-1.28.0.jar;C:\Users\Vaibhav\.m2\repository\io\opentelemetry\opentelemetry-sdk-extension-autoconfigure\1.28.0\opentelemetry-sdk-extension-autoconfigure-1.28.0.jar;C:\Users\Vaibhav\.m2\repository\io\opentelemetry\opentelemetry-api-events\1.28.0-alpha\opentelemetry-api-events-1.28.0-alpha.jar;C:\Users\Vaibhav\.m2\repository\io\opentelemetry\opentelemetry-sdk-trace\1.28.0\opentelemetry-sdk-trace-1.28.0.jar;C:\Users\Vaibhav\.m2\repository\io\opentelemetry\opentelemetry-sdk\1.28.0\opentelemetry-sdk-1.28.0.jar;C:\Users\Vaibhav\.m2\repository\io\opentelemetry\opentelemetry-semconv\1.28.0-alpha\opentelemetry-semconv-1.28.0-alpha.jar;C:\Users\Vaibhav\.m2\repository\net\bytebuddy\byte-buddy\1.14.5\byte-buddy-1.14.5.jar;C:\Users\Vaibhav\.m2\repository\org\asynchttpclient\async-http-client\2.12.3\async-http-client-2.12.3.jar;C:\Users\Vaibhav\.m2\repository\org\asynchttpclient\async-http-client-netty-utils\2.12.3\async-http-client-netty-utils-2.12.3.jar;C:\Users\Vaibhav\.m2\repository\io\netty\netty-codec-socks\4.1.60.Final\netty-codec-socks-4.1.60.Final.jar;C:\Users\Vaibhav\.m2\repository\io\netty\netty-handler-proxy\4.1.60.Final\netty-handler-proxy-4.1.60.Final.jar;C:\Users\Vaibhav\.m2\repository\io\netty\netty-transport-native-epoll\4.1.60.Final\netty-transport-native-epoll-4.1.60.Final-linux-x86_64.jar;C:\Users\Vaibhav\.m2\repository\io\netty\netty-transport-native-kqueue\4.1.60.Final\netty-transport-native-kqueue-4.1.60.Final-osx-x86_64.jar;C:\Users\Vaibhav\.m2\repository\org\reactivestreams\reactive-streams\1.0.3\reactive-streams-1.0.3.jar;C:\Users\Vaibhav\.m2\repository\com\typesafe\netty\netty-reactive-streams\2.0.4\netty-reactive-streams-2.0.4.jar;C:\Users\Vaibhav\.m2\repository\com\sun\activation\jakarta.activation\1.2.2\jakarta.activation-1.2.2.jar;C:\Users\Vaibhav\.m2\repository\org\seleniumhq\selenium\selenium-os\4.13.0\selenium-os-4.13.0.jar;C:\Users\Vaibhav\.m2\repository\org\apache\commons\commons-exec\1.3\commons-exec-1.3.jar;C:\Users\Vaibhav\.m2\repository\org\seleniumhq\selenium\selenium-safari-driver\4.13.0\selenium-safari-driver-4.13.0.jar;C:\Users\Vaibhav\.m2\repository\org\seleniumhq\selenium\selenium-support\4.13.0\selenium-support-4.13.0.jar;C:\Users\Vaibhav\.m2\repository\io\github\bonigarcia\webdrivermanager\5.5.0\webdrivermanager-5.5.0.jar;C:\Users\Vaibhav\.m2\repository\com\google\code\gson\gson\2.10.1\gson-2.10.1.jar;C:\Users\Vaibhav\.m2\repository\com\github\docker-java\docker-java\3.3.3\docker-java-3.3.3.jar;C:\Users\Vaibhav\.m2\repository\com\github\docker-java\docker-java-core\3.3.3\docker-java-core-3.3.3.jar;C:\Users\Vaibhav\.m2\repository\com\github\docker-java\docker-java-api\3.3.3\docker-java-api-3.3.3.jar;C:\Users\Vaibhav\.m2\repository\com\fasterxml\jackson\core\jackson-annotations\2.10.3\jackson-annotations-2.10.3.jar;C:\Users\Vaibhav\.m2\repository\commons-io\commons-io\2.6\commons-io-2.6.jar;C:\Users\Vaibhav\.m2\repository\org\apache\commons\commons-compress\1.21\commons-compress-1.21.jar;C:\Users\Vaibhav\.m2\repository\com\fasterxml\jackson\core\jackson-databind\2.10.3\jackson-databind-2.10.3.jar;C:\Users\Vaibhav\.m2\repository\com\fasterxml\jackson\core\jackson-core\2.10.3\jackson-core-2.10.3.jar;C:\Users\Vaibhav\.m2\repository\org\bouncycastle\bcpkix-jdk18on\1.75\bcpkix-jdk18on-1.75.jar;C:\Users\Vaibhav\.m2\repository\org\bouncycastle\bcprov-jdk18on\1.75\bcprov-jdk18on-1.75.jar;C:\Users\Vaibhav\.m2\repository\org\bouncycastle\bcutil-jdk18on\1.75\bcutil-jdk18on-1.75.jar;C:\Users\Vaibhav\.m2\repository\org\slf4j\jcl-over-slf4j\1.7.30\jcl-over-slf4j-1.7.30.jar;C:\Users\Vaibhav\.m2\repository\com\github\docker-java\docker-java-transport-httpclient5\3.3.3\docker-java-transport-httpclient5-3.3.3.jar;C:\Users\Vaibhav\.m2\repository\com\github\docker-java\docker-java-transport\3.3.3\docker-java-transport-3.3.3.jar;C:\Users\Vaibhav\.m2\repository\net\java\dev\jna\jna\5.12.1\jna-5.12.1.jar;C:\Users\Vaibhav\.m2\repository\org\brotli\dec\0.1.2\dec-0.1.2.jar;C:\Users\Vaibhav\.m2\repository\org\apache\commons\commons-lang3\3.13.0\commons-lang3-3.13.0.jar;C:\Users\Vaibhav\.m2\repository\org\apache\httpcomponents\client5\httpclient5\5.2.1\httpclient5-5.2.1.jar;C:\Users\Vaibhav\.m2\repository\org\apache\httpcomponents\core5\httpcore5\5.2\httpcore5-5.2.jar;C:\Users\Vaibhav\.m2\repository\org\apache\httpcomponents\core5\httpcore5-h2\5.2\httpcore5-h2-5.2.jar;C:\Users\Vaibhav\.m2\repository\io\netty\netty-common\4.1.110.Final\netty-common-4.1.110.Final.jar" com.intellij.rt.testng.RemoteTestNGStarter -usedefaultlisteners false -socket58451 @w@C:\Users\Vaibhav\AppData\Local\Temp\idea_working_dirs_testng.tmp -temp C:\Users\Vaibhav\AppData\Local\Temp\idea_testng.tmp
</output>
        <output type="stderr">SLF4J: Failed to load class "org.slf4j.impl.StaticLoggerBinder".
SLF4J: Defaulting to no-operation (NOP) logger implementation
SLF4J: See http://www.slf4j.org/codes.html#StaticLoggerBinder for further details.
</output>
        <output type="stdout">===============================================
JanitriLoginTests
Total tests run: 21, Passes: 3, Failures: 6, Skips: 0, Retries: 12
===============================================
</output>
        <output type="stdout">Process finished with exit code 0
</output>
    </root>
    <suite duration="392659" locationUrl="file://D:\ADVANCED_JAVA\Personal_Project\LoginAutomation\testng.xml" name="LoginTests" status="error">
        <suite duration="392659" locationUrl="java:suite://com.janitri.qa.LoginTests" name="LoginTests" status="error">
            <test duration="114" locationUrl="java:test://com.janitri.qa.LoginTests/testForgotPasswordLinkVisible" name="LoginTests.testForgotPasswordLinkVisible" status="ignored">
                <output type="stdout">Retrying test: testForgotPasswordLinkVisible | Attempt: 1
</output>
            </test>
            <test duration="107" locationUrl="java:test://com.janitri.qa.LoginTests/testForgotPasswordLinkVisible[1]" name="LoginTests.testForgotPasswordLinkVisible (1)" status="ignored">
                <output type="stdout">Retrying test: testForgotPasswordLinkVisible | Attempt: 2
</output>
            </test>
            <test duration="29" locationUrl="java:test://com.janitri.qa.LoginTests/testForgotPasswordLinkVisible[2]" name="LoginTests.testForgotPasswordLinkVisible (2)" status="failed">
                <diff actual="false" expected="true"/>
                <output type="stderr">java.lang.AssertionError: Forgot Password link should be visible on login page.&#13;
	at org.testng.Assert.fail(Assert.java:111)&#13;
	at org.testng.Assert.failNotEquals(Assert.java:1578)&#13;
	at org.testng.Assert.assertTrue(Assert.java:57)&#13;
	at com.janitri.qa.LoginTests.testForgotPasswordLinkVisible(LoginTests.java:64)&#13;
	at java.base/jdk.internal.reflect.DirectMethodHandleAccessor.invoke(DirectMethodHandleAccessor.java:103)&#13;
	at java.base/java.lang.reflect.Method.invoke(Method.java:580)&#13;
	at org.testng.internal.invokers.MethodInvocationHelper.invokeMethod(MethodInvocationHelper.java:141)&#13;
	at org.testng.internal.invokers.TestInvoker.invokeMethod(TestInvoker.java:686)&#13;
	at org.testng.internal.invokers.TestInvoker.retryFailed(TestInvoker.java:269)&#13;
	at org.testng.internal.invokers.MethodRunner.runInSequence(MethodRunner.java:76)&#13;
	at org.testng.internal.invokers.TestInvoker$MethodInvocationAgent.invoke(TestInvoker.java:992)&#13;
	at org.testng.internal.invokers.TestInvoker.invokeTestMethods(TestInvoker.java:203)&#13;
	at org.testng.internal.invokers.TestMethodWorker.invokeTestMethods(TestMethodWorker.java:154)&#13;
	at org.testng.internal.invokers.TestMethodWorker.run(TestMethodWorker.java:134)&#13;
	at java.base/java.util.ArrayList.forEach(ArrayList.java:1597)&#13;
	at org.testng.TestRunner.privateRun(TestRunner.java:739)&#13;
	at org.testng.TestRunner.run(TestRunner.java:614)&#13;
	at org.testng.SuiteRunner.runTest(SuiteRunner.java:421)&#13;
	at org.testng.SuiteRunner$SuiteWorker.run(SuiteRunner.java:463)&#13;
	at org.testng.internal.thread.ThreadUtil.lambda$execute$0(ThreadUtil.java:64)&#13;
	at java.base/java.util.concurrent.FutureTask.run$$$capture(FutureTask.java:317)&#13;
	at java.base/java.util.concurrent.FutureTask.run(FutureTask.java)&#13;
	at --- Async.Stack.Trace --- (captured by IntelliJ IDEA debugger)&#13;
	at java.base/java.util.concurrent.FutureTask.&lt;init&gt;(FutureTask.java:132)&#13;
	at java.base/java.util.concurrent.AbstractExecutorService.newTaskFor(AbstractExecutorService.java:113)&#13;
	at java.base/java.util.concurrent.AbstractExecutorService.invokeAll(AbstractExecutorService.java:305)&#13;
	at org.testng.internal.thread.ThreadUtil.execute(ThreadUtil.java:70)&#13;
	at org.testng.SuiteRunner.runInParallelTestMode(SuiteRunner.java:442)&#13;
	at org.testng.SuiteRunner.privateRun(SuiteRunner.java:371)&#13;
	at org.testng.SuiteRunner.run(SuiteRunner.java:312)&#13;
	at org.testng.SuiteRunnerWorker.runSuite(SuiteRunnerWorker.java:52)&#13;
	at org.testng.SuiteRunnerWorker.run(SuiteRunnerWorker.java:95)&#13;
	at org.testng.TestNG.runSuitesSequentially(TestNG.java:1274)&#13;
	at org.testng.TestNG.runSuitesLocally(TestNG.java:1208)&#13;
	at org.testng.TestNG.runSuites(TestNG.java:1112)&#13;
	at org.testng.TestNG.run(TestNG.java:1079)&#13;
	at com.intellij.rt.testng.IDEARemoteTestNG.run(IDEARemoteTestNG.java:65)&#13;
	at com.intellij.rt.testng.RemoteTestNGStarter.main(RemoteTestNGStarter.java:105)&#13;
</output>
            </test>
            <test duration="936" locationUrl="java:test://com.janitri.qa.LoginTests/testInvalidLoginShowErrorMsg" name="LoginTests.testInvalidLoginShowErrorMsg" status="ignored">
                <output type="stdout">Retrying test: testInvalidLoginShowErrorMsg | Attempt: 1
</output>
            </test>
            <test duration="939" locationUrl="java:test://com.janitri.qa.LoginTests/testInvalidLoginShowErrorMsg[1]" name="LoginTests.testInvalidLoginShowErrorMsg (1)" status="ignored">
                <output type="stdout">Retrying test: testInvalidLoginShowErrorMsg | Attempt: 2
</output>
            </test>
            <test duration="768" locationUrl="java:test://com.janitri.qa.LoginTests/testInvalidLoginShowErrorMsg[2]" name="LoginTests.testInvalidLoginShowErrorMsg (2)" status="error">
                <output type="stderr">org.openqa.selenium.NoSuchElementException: no such element: Unable to locate element: {"method":"css selector","selector":".error-message"}
  (Session info: chrome=138.0.7204.184)
For documentation on this error, please visit: https://www.selenium.dev/documentation/webdriver/troubleshooting/errors#no-such-element-exception
Build info: version: '4.13.0', revision: 'ba948ece5b*'
System info: os.name: 'Windows 11', os.arch: 'amd64', os.version: '10.0', java.version: '23.0.2'
Driver info: org.openqa.selenium.chrome.ChromeDriver
Command: [3aad7bcef0b02d0bcebf26cd9a9569f7, findElement {using=css selector, value=.error-message}]
Capabilities {acceptInsecureCerts: false, browserName: chrome, browserVersion: 138.0.7204.184, chrome: {chromedriverVersion: 138.0.7204.183 (e90faf484dd..., userDataDir: C:\Users\Vaibhav\AppData\Lo...}, fedcm:accounts: true, goog:chromeOptions: {debuggerAddress: localhost:58797}, networkConnectionEnabled: false, pageLoadStrategy: normal, platformName: windows, proxy: Proxy(), se:cdp: ws://localhost:58797/devtoo..., se:cdpVersion: 138.0.7204.184, setWindowRect: true, strictFileInteractability: false, timeouts: {implicit: 0, pageLoad: 300000, script: 30000}, unhandledPromptBehavior: dismiss and notify, webauthn:extension:credBlob: true, webauthn:extension:largeBlob: true, webauthn:extension:minPinLength: true, webauthn:extension:prf: true, webauthn:virtualAuthenticators: true}
Session ID: 3aad7bcef0b02d0bcebf26cd9a9569f7&#13;
	at java.base/jdk.internal.reflect.DirectConstructorHandleAccessor.newInstance(DirectConstructorHandleAccessor.java:62)&#13;
	at java.base/java.lang.reflect.Constructor.newInstanceWithCaller(Constructor.java:501)&#13;
	at java.base/java.lang.reflect.Constructor.newInstance(Constructor.java:485)&#13;
	at org.openqa.selenium.remote.codec.w3c.W3CHttpResponseCodec.createException(W3CHttpResponseCodec.java:200)&#13;
	at org.openqa.selenium.remote.codec.w3c.W3CHttpResponseCodec.decode(W3CHttpResponseCodec.java:133)&#13;
	at org.openqa.selenium.remote.codec.w3c.W3CHttpResponseCodec.decode(W3CHttpResponseCodec.java:52)&#13;
	at org.openqa.selenium.remote.HttpCommandExecutor.execute(HttpCommandExecutor.java:191)&#13;
	at org.openqa.selenium.remote.service.DriverCommandExecutor.invokeExecute(DriverCommandExecutor.java:196)&#13;
	at org.openqa.selenium.remote.service.DriverCommandExecutor.execute(DriverCommandExecutor.java:171)&#13;
	at org.openqa.selenium.remote.RemoteWebDriver.execute(RemoteWebDriver.java:602)&#13;
	at org.openqa.selenium.remote.ElementLocation$ElementFinder$2.findElement(ElementLocation.java:165)&#13;
	at org.openqa.selenium.remote.ElementLocation.findElement(ElementLocation.java:59)&#13;
	at org.openqa.selenium.remote.RemoteWebDriver.findElement(RemoteWebDriver.java:359)&#13;
	at org.openqa.selenium.remote.RemoteWebDriver.findElement(RemoteWebDriver.java:353)&#13;
	at com.janitri.qa.LoginPage.getErrorMessage(LoginPage.java:50)&#13;
	at com.janitri.qa.LoginTests.testInvalidLoginShowErrorMsg(LoginTests.java:41)&#13;
	at java.base/jdk.internal.reflect.DirectMethodHandleAccessor.invoke(DirectMethodHandleAccessor.java:103)&#13;
	at java.base/java.lang.reflect.Method.invoke(Method.java:580)&#13;
	at org.testng.internal.invokers.MethodInvocationHelper.invokeMethod(MethodInvocationHelper.java:141)&#13;
	at org.testng.internal.invokers.TestInvoker.invokeMethod(TestInvoker.java:686)&#13;
	at org.testng.internal.invokers.TestInvoker.retryFailed(TestInvoker.java:269)&#13;
	at org.testng.internal.invokers.MethodRunner.runInSequence(MethodRunner.java:76)&#13;
	at org.testng.internal.invokers.TestInvoker$MethodInvocationAgent.invoke(TestInvoker.java:992)&#13;
	at org.testng.internal.invokers.TestInvoker.invokeTestMethods(TestInvoker.java:203)&#13;
	at org.testng.internal.invokers.TestMethodWorker.invokeTestMethods(TestMethodWorker.java:154)&#13;
	at org.testng.internal.invokers.TestMethodWorker.run(TestMethodWorker.java:134)&#13;
	at java.base/java.util.ArrayList.forEach(ArrayList.java:1597)&#13;
	at org.testng.TestRunner.privateRun(TestRunner.java:739)&#13;
	at org.testng.TestRunner.run(TestRunner.java:614)&#13;
	at org.testng.SuiteRunner.runTest(SuiteRunner.java:421)&#13;
	at org.testng.SuiteRunner$SuiteWorker.run(SuiteRunner.java:463)&#13;
	at org.testng.internal.thread.ThreadUtil.lambda$execute$0(ThreadUtil.java:64)&#13;
	at java.base/java.util.concurrent.FutureTask.run$$$capture(FutureTask.java:317)&#13;
	at java.base/java.util.concurrent.FutureTask.run(FutureTask.java)&#13;
	at --- Async.Stack.Trace --- (captured by IntelliJ IDEA debugger)&#13;
	at java.base/java.util.concurrent.FutureTask.&lt;init&gt;(FutureTask.java:132)&#13;
	at java.base/java.util.concurrent.AbstractExecutorService.newTaskFor(AbstractExecutorService.java:113)&#13;
	at java.base/java.util.concurrent.AbstractExecutorService.invokeAll(AbstractExecutorService.java:305)&#13;
	at org.testng.internal.thread.ThreadUtil.execute(ThreadUtil.java:70)&#13;
	at org.testng.SuiteRunner.runInParallelTestMode(SuiteRunner.java:442)&#13;
	at org.testng.SuiteRunner.privateRun(SuiteRunner.java:371)&#13;
	at org.testng.SuiteRunner.run(SuiteRunner.java:312)&#13;
	at org.testng.SuiteRunnerWorker.runSuite(SuiteRunnerWorker.java:52)&#13;
	at org.testng.SuiteRunnerWorker.run(SuiteRunnerWorker.java:95)&#13;
	at org.testng.TestNG.runSuitesSequentially(TestNG.java:1274)&#13;
	at org.testng.TestNG.runSuitesLocally(TestNG.java:1208)&#13;
	at org.testng.TestNG.runSuites(TestNG.java:1112)&#13;
	at org.testng.TestNG.run(TestNG.java:1079)&#13;
	at com.intellij.rt.testng.IDEARemoteTestNG.run(IDEARemoteTestNG.java:65)&#13;
	at com.intellij.rt.testng.RemoteTestNGStarter.main(RemoteTestNGStarter.java:105)&#13;
</output>
            </test>
            <test duration="52" locationUrl="java:test://com.janitri.qa.LoginTests/testLoginButtonDisabledWhenFieldsAreEmpty" name="LoginTests.testLoginButtonDisabledWhenFieldsAreEmpty" status="ignored">
                <output type="stdout">Retrying test: testLoginButtonDisabledWhenFieldsAreEmpty | Attempt: 1
</output>
            </test>
            <test duration="47" locationUrl="java:test://com.janitri.qa.LoginTests/testLoginButtonDisabledWhenFieldsAreEmpty[1]" name="LoginTests.testLoginButtonDisabledWhenFieldsAreEmpty (1)" status="ignored">
                <output type="stdout">Retrying test: testLoginButtonDisabledWhenFieldsAreEmpty | Attempt: 2
</output>
            </test>
            <test duration="38" locationUrl="java:test://com.janitri.qa.LoginTests/testLoginButtonDisabledWhenFieldsAreEmpty[2]" name="LoginTests.testLoginButtonDisabledWhenFieldsAreEmpty (2)" status="failed">
                <diff actual="true" expected="false"/>
                <output type="stderr">java.lang.AssertionError: Login button should be disabled when fields are empty.&#13;
	at org.testng.Assert.fail(Assert.java:111)&#13;
	at org.testng.Assert.failNotEquals(Assert.java:1578)&#13;
	at org.testng.Assert.assertFalse(Assert.java:79)&#13;
	at com.janitri.qa.LoginTests.testLoginButtonDisabledWhenFieldsAreEmpty(LoginTests.java:12)&#13;
	at java.base/jdk.internal.reflect.DirectMethodHandleAccessor.invoke(DirectMethodHandleAccessor.java:103)&#13;
	at java.base/java.lang.reflect.Method.invoke(Method.java:580)&#13;
	at org.testng.internal.invokers.MethodInvocationHelper.invokeMethod(MethodInvocationHelper.java:141)&#13;
	at org.testng.internal.invokers.TestInvoker.invokeMethod(TestInvoker.java:686)&#13;
	at org.testng.internal.invokers.TestInvoker.retryFailed(TestInvoker.java:269)&#13;
	at org.testng.internal.invokers.MethodRunner.runInSequence(MethodRunner.java:76)&#13;
	at org.testng.internal.invokers.TestInvoker$MethodInvocationAgent.invoke(TestInvoker.java:992)&#13;
	at org.testng.internal.invokers.TestInvoker.invokeTestMethods(TestInvoker.java:203)&#13;
	at org.testng.internal.invokers.TestMethodWorker.invokeTestMethods(TestMethodWorker.java:154)&#13;
	at org.testng.internal.invokers.TestMethodWorker.run(TestMethodWorker.java:134)&#13;
	at java.base/java.util.ArrayList.forEach(ArrayList.java:1597)&#13;
	at org.testng.TestRunner.privateRun(TestRunner.java:739)&#13;
	at org.testng.TestRunner.run(TestRunner.java:614)&#13;
	at org.testng.SuiteRunner.runTest(SuiteRunner.java:421)&#13;
	at org.testng.SuiteRunner$SuiteWorker.run(SuiteRunner.java:463)&#13;
	at org.testng.internal.thread.ThreadUtil.lambda$execute$0(ThreadUtil.java:64)&#13;
	at java.base/java.util.concurrent.FutureTask.run$$$capture(FutureTask.java:317)&#13;
	at java.base/java.util.concurrent.FutureTask.run(FutureTask.java)&#13;
	at --- Async.Stack.Trace --- (captured by IntelliJ IDEA debugger)&#13;
	at java.base/java.util.concurrent.FutureTask.&lt;init&gt;(FutureTask.java:132)&#13;
	at java.base/java.util.concurrent.AbstractExecutorService.newTaskFor(AbstractExecutorService.java:113)&#13;
	at java.base/java.util.concurrent.AbstractExecutorService.invokeAll(AbstractExecutorService.java:305)&#13;
	at org.testng.internal.thread.ThreadUtil.execute(ThreadUtil.java:70)&#13;
	at org.testng.SuiteRunner.runInParallelTestMode(SuiteRunner.java:442)&#13;
	at org.testng.SuiteRunner.privateRun(SuiteRunner.java:371)&#13;
	at org.testng.SuiteRunner.run(SuiteRunner.java:312)&#13;
	at org.testng.SuiteRunnerWorker.runSuite(SuiteRunnerWorker.java:52)&#13;
	at org.testng.SuiteRunnerWorker.run(SuiteRunnerWorker.java:95)&#13;
	at org.testng.TestNG.runSuitesSequentially(TestNG.java:1274)&#13;
	at org.testng.TestNG.runSuitesLocally(TestNG.java:1208)&#13;
	at org.testng.TestNG.runSuites(TestNG.java:1112)&#13;
	at org.testng.TestNG.run(TestNG.java:1079)&#13;
	at com.intellij.rt.testng.IDEARemoteTestNG.run(IDEARemoteTestNG.java:65)&#13;
	at com.intellij.rt.testng.RemoteTestNGStarter.main(RemoteTestNGStarter.java:105)&#13;
</output>
            </test>
            <test duration="555" locationUrl="java:test://com.janitri.qa.LoginTests/testLoginButtonEnabledWhenFieldsAreFilled" name="LoginTests.testLoginButtonEnabledWhenFieldsAreFilled" status="passed"/>
            <test duration="699" locationUrl="java:test://com.janitri.qa.LoginTests/testPasswordFieldRequiredValidation" name="LoginTests.testPasswordFieldRequiredValidation" status="ignored">
                <output type="stdout">Retrying test: testPasswordFieldRequiredValidation | Attempt: 1
</output>
            </test>
            <test duration="931" locationUrl="java:test://com.janitri.qa.LoginTests/testPasswordFieldRequiredValidation[1]" name="LoginTests.testPasswordFieldRequiredValidation (1)" status="ignored">
                <output type="stdout">Retrying test: testPasswordFieldRequiredValidation | Attempt: 2
</output>
            </test>
            <test duration="664" locationUrl="java:test://com.janitri.qa.LoginTests/testPasswordFieldRequiredValidation[2]" name="LoginTests.testPasswordFieldRequiredValidation (2)" status="error">
                <output type="stderr">org.openqa.selenium.NoSuchElementException: no such element: Unable to locate element: {"method":"css selector","selector":".error-message"}
  (Session info: chrome=138.0.7204.184)
For documentation on this error, please visit: https://www.selenium.dev/documentation/webdriver/troubleshooting/errors#no-such-element-exception
Build info: version: '4.13.0', revision: 'ba948ece5b*'
System info: os.name: 'Windows 11', os.arch: 'amd64', os.version: '10.0', java.version: '23.0.2'
Driver info: org.openqa.selenium.chrome.ChromeDriver
Command: [ae161ccfae1e9a462609dd57d540e630, findElement {using=css selector, value=.error-message}]
Capabilities {acceptInsecureCerts: false, browserName: chrome, browserVersion: 138.0.7204.184, chrome: {chromedriverVersion: 138.0.7204.183 (e90faf484dd..., userDataDir: C:\Users\Vaibhav\AppData\Lo...}, fedcm:accounts: true, goog:chromeOptions: {debuggerAddress: localhost:59055}, networkConnectionEnabled: false, pageLoadStrategy: normal, platformName: windows, proxy: Proxy(), se:cdp: ws://localhost:59055/devtoo..., se:cdpVersion: 138.0.7204.184, setWindowRect: true, strictFileInteractability: false, timeouts: {implicit: 0, pageLoad: 300000, script: 30000}, unhandledPromptBehavior: dismiss and notify, webauthn:extension:credBlob: true, webauthn:extension:largeBlob: true, webauthn:extension:minPinLength: true, webauthn:extension:prf: true, webauthn:virtualAuthenticators: true}
Session ID: ae161ccfae1e9a462609dd57d540e630&#13;
	at java.base/jdk.internal.reflect.DirectConstructorHandleAccessor.newInstance(DirectConstructorHandleAccessor.java:62)&#13;
	at java.base/java.lang.reflect.Constructor.newInstanceWithCaller(Constructor.java:501)&#13;
	at java.base/java.lang.reflect.Constructor.newInstance(Constructor.java:485)&#13;
	at org.openqa.selenium.remote.codec.w3c.W3CHttpResponseCodec.createException(W3CHttpResponseCodec.java:200)&#13;
	at org.openqa.selenium.remote.codec.w3c.W3CHttpResponseCodec.decode(W3CHttpResponseCodec.java:133)&#13;
	at org.openqa.selenium.remote.codec.w3c.W3CHttpResponseCodec.decode(W3CHttpResponseCodec.java:52)&#13;
	at org.openqa.selenium.remote.HttpCommandExecutor.execute(HttpCommandExecutor.java:191)&#13;
	at org.openqa.selenium.remote.service.DriverCommandExecutor.invokeExecute(DriverCommandExecutor.java:196)&#13;
	at org.openqa.selenium.remote.service.DriverCommandExecutor.execute(DriverCommandExecutor.java:171)&#13;
	at org.openqa.selenium.remote.RemoteWebDriver.execute(RemoteWebDriver.java:602)&#13;
	at org.openqa.selenium.remote.ElementLocation$ElementFinder$2.findElement(ElementLocation.java:165)&#13;
	at org.openqa.selenium.remote.ElementLocation.findElement(ElementLocation.java:59)&#13;
	at org.openqa.selenium.remote.RemoteWebDriver.findElement(RemoteWebDriver.java:359)&#13;
	at org.openqa.selenium.remote.RemoteWebDriver.findElement(RemoteWebDriver.java:353)&#13;
	at com.janitri.qa.LoginPage.getErrorMessage(LoginPage.java:50)&#13;
	at com.janitri.qa.LoginTests.testPasswordFieldRequiredValidation(LoginTests.java:86)&#13;
	at java.base/jdk.internal.reflect.DirectMethodHandleAccessor.invoke(DirectMethodHandleAccessor.java:103)&#13;
	at java.base/java.lang.reflect.Method.invoke(Method.java:580)&#13;
	at org.testng.internal.invokers.MethodInvocationHelper.invokeMethod(MethodInvocationHelper.java:141)&#13;
	at org.testng.internal.invokers.TestInvoker.invokeMethod(TestInvoker.java:686)&#13;
	at org.testng.internal.invokers.TestInvoker.retryFailed(TestInvoker.java:269)&#13;
	at org.testng.internal.invokers.MethodRunner.runInSequence(MethodRunner.java:76)&#13;
	at org.testng.internal.invokers.TestInvoker$MethodInvocationAgent.invoke(TestInvoker.java:992)&#13;
	at org.testng.internal.invokers.TestInvoker.invokeTestMethods(TestInvoker.java:203)&#13;
	at org.testng.internal.invokers.TestMethodWorker.invokeTestMethods(TestMethodWorker.java:154)&#13;
	at org.testng.internal.invokers.TestMethodWorker.run(TestMethodWorker.java:134)&#13;
	at java.base/java.util.ArrayList.forEach(ArrayList.java:1597)&#13;
	at org.testng.TestRunner.privateRun(TestRunner.java:739)&#13;
	at org.testng.TestRunner.run(TestRunner.java:614)&#13;
	at org.testng.SuiteRunner.runTest(SuiteRunner.java:421)&#13;
	at org.testng.SuiteRunner$SuiteWorker.run(SuiteRunner.java:463)&#13;
	at org.testng.internal.thread.ThreadUtil.lambda$execute$0(ThreadUtil.java:64)&#13;
	at java.base/java.util.concurrent.FutureTask.run$$$capture(FutureTask.java:317)&#13;
	at java.base/java.util.concurrent.FutureTask.run(FutureTask.java)&#13;
	at --- Async.Stack.Trace --- (captured by IntelliJ IDEA debugger)&#13;
	at java.base/java.util.concurrent.FutureTask.&lt;init&gt;(FutureTask.java:132)&#13;
	at java.base/java.util.concurrent.AbstractExecutorService.newTaskFor(AbstractExecutorService.java:113)&#13;
	at java.base/java.util.concurrent.AbstractExecutorService.invokeAll(AbstractExecutorService.java:305)&#13;
	at org.testng.internal.thread.ThreadUtil.execute(ThreadUtil.java:70)&#13;
	at org.testng.SuiteRunner.runInParallelTestMode(SuiteRunner.java:442)&#13;
	at org.testng.SuiteRunner.privateRun(SuiteRunner.java:371)&#13;
	at org.testng.SuiteRunner.run(SuiteRunner.java:312)&#13;
	at org.testng.SuiteRunnerWorker.runSuite(SuiteRunnerWorker.java:52)&#13;
	at org.testng.SuiteRunnerWorker.run(SuiteRunnerWorker.java:95)&#13;
	at org.testng.TestNG.runSuitesSequentially(TestNG.java:1274)&#13;
	at org.testng.TestNG.runSuitesLocally(TestNG.java:1208)&#13;
	at org.testng.TestNG.runSuites(TestNG.java:1112)&#13;
	at org.testng.TestNG.run(TestNG.java:1079)&#13;
	at com.intellij.rt.testng.IDEARemoteTestNG.run(IDEARemoteTestNG.java:65)&#13;
	at com.intellij.rt.testng.RemoteTestNGStarter.main(RemoteTestNGStarter.java:105)&#13;
</output>
            </test>
            <test duration="258" locationUrl="java:test://com.janitri.qa.LoginTests/testPasswordMaskedButton" name="LoginTests.testPasswordMaskedButton" status="passed"/>
            <test duration="778" locationUrl="java:test://com.janitri.qa.LoginTests/testPasswordRemainsMaskedAfterFailedLogin" name="LoginTests.testPasswordRemainsMaskedAfterFailedLogin" status="passed"/>
            <test duration="757" locationUrl="java:test://com.janitri.qa.LoginTests/testSuccessfulLoginRedirectsToDashboard" name="LoginTests.testSuccessfulLoginRedirectsToDashboard" status="ignored">
                <output type="stdout">Retrying test: testSuccessfulLoginRedirectsToDashboard | Attempt: 1
</output>
            </test>
            <test duration="680" locationUrl="java:test://com.janitri.qa.LoginTests/testSuccessfulLoginRedirectsToDashboard[1]" name="LoginTests.testSuccessfulLoginRedirectsToDashboard (1)" status="ignored">
                <output type="stdout">Retrying test: testSuccessfulLoginRedirectsToDashboard | Attempt: 2
</output>
            </test>
            <test duration="722" locationUrl="java:test://com.janitri.qa.LoginTests/testSuccessfulLoginRedirectsToDashboard[2]" name="LoginTests.testSuccessfulLoginRedirectsToDashboard (2)" status="failed">
                <diff actual="false" expected="true"/>
                <output type="stderr">java.lang.AssertionError: User should be redirected to the dashboard after successful login.&#13;
	at org.testng.Assert.fail(Assert.java:111)&#13;
	at org.testng.Assert.failNotEquals(Assert.java:1578)&#13;
	at org.testng.Assert.assertTrue(Assert.java:57)&#13;
	at com.janitri.qa.LoginTests.testSuccessfulLoginRedirectsToDashboard(LoginTests.java:58)&#13;
	at java.base/jdk.internal.reflect.DirectMethodHandleAccessor.invoke(DirectMethodHandleAccessor.java:103)&#13;
	at java.base/java.lang.reflect.Method.invoke(Method.java:580)&#13;
	at org.testng.internal.invokers.MethodInvocationHelper.invokeMethod(MethodInvocationHelper.java:141)&#13;
	at org.testng.internal.invokers.TestInvoker.invokeMethod(TestInvoker.java:686)&#13;
	at org.testng.internal.invokers.TestInvoker.retryFailed(TestInvoker.java:269)&#13;
	at org.testng.internal.invokers.MethodRunner.runInSequence(MethodRunner.java:76)&#13;
	at org.testng.internal.invokers.TestInvoker$MethodInvocationAgent.invoke(TestInvoker.java:992)&#13;
	at org.testng.internal.invokers.TestInvoker.invokeTestMethods(TestInvoker.java:203)&#13;
	at org.testng.internal.invokers.TestMethodWorker.invokeTestMethods(TestMethodWorker.java:154)&#13;
	at org.testng.internal.invokers.TestMethodWorker.run(TestMethodWorker.java:134)&#13;
	at java.base/java.util.ArrayList.forEach(ArrayList.java:1597)&#13;
	at org.testng.TestRunner.privateRun(TestRunner.java:739)&#13;
	at org.testng.TestRunner.run(TestRunner.java:614)&#13;
	at org.testng.SuiteRunner.runTest(SuiteRunner.java:421)&#13;
	at org.testng.SuiteRunner$SuiteWorker.run(SuiteRunner.java:463)&#13;
	at org.testng.internal.thread.ThreadUtil.lambda$execute$0(ThreadUtil.java:64)&#13;
	at java.base/java.util.concurrent.FutureTask.run$$$capture(FutureTask.java:317)&#13;
	at java.base/java.util.concurrent.FutureTask.run(FutureTask.java)&#13;
	at --- Async.Stack.Trace --- (captured by IntelliJ IDEA debugger)&#13;
	at java.base/java.util.concurrent.FutureTask.&lt;init&gt;(FutureTask.java:132)&#13;
	at java.base/java.util.concurrent.AbstractExecutorService.newTaskFor(AbstractExecutorService.java:113)&#13;
	at java.base/java.util.concurrent.AbstractExecutorService.invokeAll(AbstractExecutorService.java:305)&#13;
	at org.testng.internal.thread.ThreadUtil.execute(ThreadUtil.java:70)&#13;
	at org.testng.SuiteRunner.runInParallelTestMode(SuiteRunner.java:442)&#13;
	at org.testng.SuiteRunner.privateRun(SuiteRunner.java:371)&#13;
	at org.testng.SuiteRunner.run(SuiteRunner.java:312)&#13;
	at org.testng.SuiteRunnerWorker.runSuite(SuiteRunnerWorker.java:52)&#13;
	at org.testng.SuiteRunnerWorker.run(SuiteRunnerWorker.java:95)&#13;
	at org.testng.TestNG.runSuitesSequentially(TestNG.java:1274)&#13;
	at org.testng.TestNG.runSuitesLocally(TestNG.java:1208)&#13;
	at org.testng.TestNG.runSuites(TestNG.java:1112)&#13;
	at org.testng.TestNG.run(TestNG.java:1079)&#13;
	at com.intellij.rt.testng.IDEARemoteTestNG.run(IDEARemoteTestNG.java:65)&#13;
	at com.intellij.rt.testng.RemoteTestNGStarter.main(RemoteTestNGStarter.java:105)&#13;
</output>
            </test>
            <test duration="745" locationUrl="java:test://com.janitri.qa.LoginTests/testUsernameFieldRequiredValidation" name="LoginTests.testUsernameFieldRequiredValidation" status="ignored">
                <output type="stdout">Retrying test: testUsernameFieldRequiredValidation | Attempt: 1
</output>
            </test>
            <test duration="680" locationUrl="java:test://com.janitri.qa.LoginTests/testUsernameFieldRequiredValidation[1]" name="LoginTests.testUsernameFieldRequiredValidation (1)" status="ignored">
                <output type="stdout">Retrying test: testUsernameFieldRequiredValidation | Attempt: 2
</output>
            </test>
            <test duration="595" locationUrl="java:test://com.janitri.qa.LoginTests/testUsernameFieldRequiredValidation[2]" name="LoginTests.testUsernameFieldRequiredValidation (2)" status="error">
                <output type="stderr">org.openqa.selenium.NoSuchElementException: no such element: Unable to locate element: {"method":"css selector","selector":".error-message"}
  (Session info: chrome=138.0.7204.184)
For documentation on this error, please visit: https://www.selenium.dev/documentation/webdriver/troubleshooting/errors#no-such-element-exception
Build info: version: '4.13.0', revision: 'ba948ece5b*'
System info: os.name: 'Windows 11', os.arch: 'amd64', os.version: '10.0', java.version: '23.0.2'
Driver info: org.openqa.selenium.chrome.ChromeDriver
Command: [d115b5e2079b8a7c397803fd3d749f86, findElement {using=css selector, value=.error-message}]
Capabilities {acceptInsecureCerts: false, browserName: chrome, browserVersion: 138.0.7204.184, chrome: {chromedriverVersion: 138.0.7204.183 (e90faf484dd..., userDataDir: C:\Users\Vaibhav\AppData\Lo...}, fedcm:accounts: true, goog:chromeOptions: {debuggerAddress: localhost:59370}, networkConnectionEnabled: false, pageLoadStrategy: normal, platformName: windows, proxy: Proxy(), se:cdp: ws://localhost:59370/devtoo..., se:cdpVersion: 138.0.7204.184, setWindowRect: true, strictFileInteractability: false, timeouts: {implicit: 0, pageLoad: 300000, script: 30000}, unhandledPromptBehavior: dismiss and notify, webauthn:extension:credBlob: true, webauthn:extension:largeBlob: true, webauthn:extension:minPinLength: true, webauthn:extension:prf: true, webauthn:virtualAuthenticators: true}
Session ID: d115b5e2079b8a7c397803fd3d749f86&#13;
	at java.base/jdk.internal.reflect.DirectConstructorHandleAccessor.newInstance(DirectConstructorHandleAccessor.java:62)&#13;
	at java.base/java.lang.reflect.Constructor.newInstanceWithCaller(Constructor.java:501)&#13;
	at java.base/java.lang.reflect.Constructor.newInstance(Constructor.java:485)&#13;
	at org.openqa.selenium.remote.codec.w3c.W3CHttpResponseCodec.createException(W3CHttpResponseCodec.java:200)&#13;
	at org.openqa.selenium.remote.codec.w3c.W3CHttpResponseCodec.decode(W3CHttpResponseCodec.java:133)&#13;
	at org.openqa.selenium.remote.codec.w3c.W3CHttpResponseCodec.decode(W3CHttpResponseCodec.java:52)&#13;
	at org.openqa.selenium.remote.HttpCommandExecutor.execute(HttpCommandExecutor.java:191)&#13;
	at org.openqa.selenium.remote.service.DriverCommandExecutor.invokeExecute(DriverCommandExecutor.java:196)&#13;
	at org.openqa.selenium.remote.service.DriverCommandExecutor.execute(DriverCommandExecutor.java:171)&#13;
	at org.openqa.selenium.remote.RemoteWebDriver.execute(RemoteWebDriver.java:602)&#13;
	at org.openqa.selenium.remote.ElementLocation$ElementFinder$2.findElement(ElementLocation.java:165)&#13;
	at org.openqa.selenium.remote.ElementLocation.findElement(ElementLocation.java:59)&#13;
	at org.openqa.selenium.remote.RemoteWebDriver.findElement(RemoteWebDriver.java:359)&#13;
	at org.openqa.selenium.remote.RemoteWebDriver.findElement(RemoteWebDriver.java:353)&#13;
	at com.janitri.qa.LoginPage.getErrorMessage(LoginPage.java:50)&#13;
	at com.janitri.qa.LoginTests.testUsernameFieldRequiredValidation(LoginTests.java:74)&#13;
	at java.base/jdk.internal.reflect.DirectMethodHandleAccessor.invoke(DirectMethodHandleAccessor.java:103)&#13;
	at java.base/java.lang.reflect.Method.invoke(Method.java:580)&#13;
	at org.testng.internal.invokers.MethodInvocationHelper.invokeMethod(MethodInvocationHelper.java:141)&#13;
	at org.testng.internal.invokers.TestInvoker.invokeMethod(TestInvoker.java:686)&#13;
	at org.testng.internal.invokers.TestInvoker.retryFailed(TestInvoker.java:269)&#13;
	at org.testng.internal.invokers.MethodRunner.runInSequence(MethodRunner.java:76)&#13;
	at org.testng.internal.invokers.TestInvoker$MethodInvocationAgent.invoke(TestInvoker.java:992)&#13;
	at org.testng.internal.invokers.TestInvoker.invokeTestMethods(TestInvoker.java:203)&#13;
	at org.testng.internal.invokers.TestMethodWorker.invokeTestMethods(TestMethodWorker.java:154)&#13;
	at org.testng.internal.invokers.TestMethodWorker.run(TestMethodWorker.java:134)&#13;
	at java.base/java.util.ArrayList.forEach(ArrayList.java:1597)&#13;
	at org.testng.TestRunner.privateRun(TestRunner.java:739)&#13;
	at org.testng.TestRunner.run(TestRunner.java:614)&#13;
	at org.testng.SuiteRunner.runTest(SuiteRunner.java:421)&#13;
	at org.testng.SuiteRunner$SuiteWorker.run(SuiteRunner.java:463)&#13;
	at org.testng.internal.thread.ThreadUtil.lambda$execute$0(ThreadUtil.java:64)&#13;
	at java.base/java.util.concurrent.FutureTask.run$$$capture(FutureTask.java:317)&#13;
	at java.base/java.util.concurrent.FutureTask.run(FutureTask.java)&#13;
	at --- Async.Stack.Trace --- (captured by IntelliJ IDEA debugger)&#13;
	at java.base/java.util.concurrent.FutureTask.&lt;init&gt;(FutureTask.java:132)&#13;
	at java.base/java.util.concurrent.AbstractExecutorService.newTaskFor(AbstractExecutorService.java:113)&#13;
	at java.base/java.util.concurrent.AbstractExecutorService.invokeAll(AbstractExecutorService.java:305)&#13;
	at org.testng.internal.thread.ThreadUtil.execute(ThreadUtil.java:70)&#13;
	at org.testng.SuiteRunner.runInParallelTestMode(SuiteRunner.java:442)&#13;
	at org.testng.SuiteRunner.privateRun(SuiteRunner.java:371)&#13;
	at org.testng.SuiteRunner.run(SuiteRunner.java:312)&#13;
	at org.testng.SuiteRunnerWorker.runSuite(SuiteRunnerWorker.java:52)&#13;
	at org.testng.SuiteRunnerWorker.run(SuiteRunnerWorker.java:95)&#13;
	at org.testng.TestNG.runSuitesSequentially(TestNG.java:1274)&#13;
	at org.testng.TestNG.runSuitesLocally(TestNG.java:1208)&#13;
	at org.testng.TestNG.runSuites(TestNG.java:1112)&#13;
	at org.testng.TestNG.run(TestNG.java:1079)&#13;
	at com.intellij.rt.testng.IDEARemoteTestNG.run(IDEARemoteTestNG.java:65)&#13;
	at com.intellij.rt.testng.RemoteTestNGStarter.main(RemoteTestNGStarter.java:105)&#13;
</output>
            </test>
        </suite>
    </suite>
</testrun>
